# JRE version: OpenJDK Runtime Environment (11.0.11+9) (build 11.0.11+9-b60-7590822)
# Java VM: OpenJDK 64-Bit Server VM (11.0.11+9-b60-7590822, mixed mode, tiered, compressed oops, g1 gc, windows-amd64)
Heap:
 garbage-first heap   total 488448K, used 265051K [0x0000000080000000, 0x0000000100000000)
  region size 1024K, 42 young (43008K), 4 survivors (4096K)
 Metaspace       used 161966K, capacity 167805K, committed 168044K, reserved 1196032K
  class space    used 19572K, capacity 21696K, committed 21760K, reserved 1048576K
GC Heap History (20 events):
Event: 14026.315 GC heap before
{Heap before GC invocations=461 (full 0):
 garbage-first heap   total 488448K, used 329303K [0x0000000080000000, 0x0000000100000000)
  region size 1024K, 156 young (159744K), 13 survivors (13312K)
 Metaspace       used 158604K, capacity 164400K, committed 164588K, reserved 1191936K
  class space    used 19200K, capacity 21314K, committed 21376K, reserved 1048576K
}
Event: 14026.357 GC heap after
{Heap after GC invocations=462 (full 0):
 garbage-first heap   total 488448K, used 178942K [0x0000000080000000, 0x0000000100000000)
  region size 1024K, 15 young (15360K), 15 survivors (15360K)
 Metaspace       used 158604K, capacity 164400K, committed 164588K, reserved 1191936K
  class space    used 19200K, capacity 21314K, committed 21376K, reserved 1048576K
}
Event: 14026.436 GC heap before
{Heap before GC invocations=462 (full 0):
 garbage-first heap   total 488448K, used 187134K [0x0000000080000000, 0x0000000100000000)
  region size 1024K, 23 young (23552K), 15 survivors (15360K)
 Metaspace       used 158604K, capacity 164400K, committed 164588K, reserved 1191936K
  class space    used 19200K, capacity 21314K, committed 21376K, reserved 1048576K
}
Event: 14026.454 GC heap after
{Heap after GC invocations=463 (full 0):
 garbage-first heap   total 488448K, used 166912K [0x0000000080000000, 0x0000000100000000)
  region size 1024K, 2 young (2048K), 2 survivors (2048K)
 Metaspace       used 158604K, capacity 164400K, committed 164588K, reserved 1191936K
  class space    used 19200K, capacity 21314K, committed 21376K, reserved 1048576K
}
Event: 14026.961 GC heap before
{Heap before GC invocations=463 (full 0):
 garbage-first heap   total 488448K, used 196608K [0x0000000080000000, 0x0000000100000000)
  region size 1024K, 33 young (33792K), 2 survivors (2048K)
 Metaspace       used 158617K, capacity 164407K, committed 164588K, reserved 1191936K
  class space    used 19200K, capacity 21314K, committed 21376K, reserved 1048576K
}
Event: 14026.970 GC heap after
{Heap after GC invocations=464 (full 0):
 garbage-first heap   total 488448K, used 166235K [0x0000000080000000, 0x0000000100000000)
  region size 1024K, 2 young (2048K), 2 survivors (2048K)
 Metaspace       used 158617K, capacity 164407K, committed 164588K, reserved 1191936K
  class space    used 19200K, capacity 21314K, committed 21376K, reserved 1048576K
}
Event: 14079.704 GC heap before
{Heap before GC invocations=465 (full 0):
 garbage-first heap   total 488448K, used 381275K [0x0000000080000000, 0x0000000100000000)
  region size 1024K, 169 young (173056K), 2 survivors (2048K)
 Metaspace       used 159911K, capacity 165784K, committed 165996K, reserved 1193984K
  class space    used 19359K, capacity 21488K, committed 21504K, reserved 1048576K
}
Event: 14079.761 GC heap after
{Heap after GC invocations=466 (full 0):
 garbage-first heap   total 488448K, used 184961K [0x0000000080000000, 0x0000000100000000)
  region size 1024K, 16 young (16384K), 16 survivors (16384K)
 Metaspace       used 159911K, capacity 165784K, committed 165996K, reserved 1193984K
  class space    used 19359K, capacity 21488K, committed 21504K, reserved 1048576K
}
Event: 14079.806 GC heap before
{Heap before GC invocations=466 (full 0):
 garbage-first heap   total 488448K, used 193153K [0x0000000080000000, 0x0000000100000000)
  region size 1024K, 23 young (23552K), 16 survivors (16384K)
 Metaspace       used 159926K, capacity 165784K, committed 165996K, reserved 1193984K
  class space    used 19363K, capacity 21488K, committed 21504K, reserved 1048576K
}
Event: 14079.855 GC heap after
{Heap after GC invocations=467 (full 0):
 garbage-first heap   total 488448K, used 180498K [0x0000000080000000, 0x0000000100000000)
  region size 1024K, 3 young (3072K), 3 survivors (3072K)
 Metaspace       used 159926K, capacity 165784K, committed 165996K, reserved 1193984K
  class space    used 19363K, capacity 21488K, committed 21504K, reserved 1048576K
}
Event: 14081.803 GC heap before
{Heap before GC invocations=467 (full 0):
 garbage-first heap   total 488448K, used 314642K [0x0000000080000000, 0x0000000100000000)
  region size 1024K, 136 young (139264K), 3 survivors (3072K)
 Metaspace       used 161207K, capacity 167106K, committed 167276K, reserved 1196032K
  class space    used 19501K, capacity 21651K, committed 21760K, reserved 1048576K
}
Event: 14081.934 GC heap after
{Heap after GC invocations=468 (full 0):
 garbage-first heap   total 488448K, used 221913K [0x0000000080000000, 0x0000000100000000)
  region size 1024K, 22 young (22528K), 22 survivors (22528K)
 Metaspace       used 161207K, capacity 167106K, committed 167276K, reserved 1196032K
  class space    used 19501K, capacity 21651K, committed 21760K, reserved 1048576K
}
Event: 14082.868 GC heap before
{Heap before GC invocations=469 (full 0):
 garbage-first heap   total 488448K, used 277209K [0x0000000080000000, 0x0000000100000000)
  region size 1024K, 80 young (81920K), 22 survivors (22528K)
 Metaspace       used 161956K, capacity 167805K, committed 168044K, reserved 1196032K
  class space    used 19572K, capacity 21696K, committed 21760K, reserved 1048576K
}
Event: 14083.017 GC heap after
{Heap after GC invocations=470 (full 0):
 garbage-first heap   total 488448K, used 222976K [0x0000000080000000, 0x0000000100000000)
  region size 1024K, 8 young (8192K), 8 survivors (8192K)
 Metaspace       used 161956K, capacity 167805K, committed 168044K, reserved 1196032K
  class space    used 19572K, capacity 21696K, committed 21760K, reserved 1048576K
}
Event: 14083.434 GC heap before
{Heap before GC invocations=470 (full 0):
 garbage-first heap   total 488448K, used 239360K [0x0000000080000000, 0x0000000100000000)
  region size 1024K, 23 young (23552K), 8 survivors (8192K)
 Metaspace       used 161956K, capacity 167805K, committed 168044K, reserved 1196032K
  class space    used 19572K, capacity 21696K, committed 21760K, reserved 1048576K
}
Event: 14083.492 GC heap after
{Heap after GC invocations=471 (full 0):
 garbage-first heap   total 488448K, used 215680K [0x0000000080000000, 0x0000000100000000)
  region size 1024K, 3 young (3072K), 3 survivors (3072K)
 Metaspace       used 161956K, capacity 167805K, committed 168044K, reserved 1196032K
  class space    used 19572K, capacity 21696K, committed 21760K, reserved 1048576K
}
Event: 14083.526 GC heap before
{Heap before GC invocations=471 (full 0):
 garbage-first heap   total 488448K, used 236160K [0x0000000080000000, 0x0000000100000000)
  region size 1024K, 23 young (23552K), 3 survivors (3072K)
 Metaspace       used 161956K, capacity 167805K, committed 168044K, reserved 1196032K
  class space    used 19572K, capacity 21696K, committed 21760K, reserved 1048576K
}
Event: 14083.544 GC heap after
{Heap after GC invocations=472 (full 0):
 garbage-first heap   total 488448K, used 219136K [0x0000000080000000, 0x0000000100000000)
  region size 1024K, 3 young (3072K), 3 survivors (3072K)
 Metaspace       used 161956K, capacity 167805K, committed 168044K, reserved 1196032K
  class space    used 19572K, capacity 21696K, committed 21760K, reserved 1048576K
}
Event: 14083.584 GC heap before
{Heap before GC invocations=472 (full 0):
 garbage-first heap   total 488448K, used 221184K [0x0000000080000000, 0x0000000100000000)
  region size 1024K, 6 young (6144K), 3 survivors (3072K)
 Metaspace       used 161956K, capacity 167805K, committed 168044K, reserved 1196032K
  class space    used 19572K, capacity 21696K, committed 21760K, reserved 1048576K
}
Event: 14083.599 GC heap after
{Heap after GC invocations=473 (full 0):
 garbage-first heap   total 488448K, used 219995K [0x0000000080000000, 0x0000000100000000)
  region size 1024K, 4 young (4096K), 4 survivors (4096K)
 Metaspace       used 161956K, capacity 167805K, committed 168044K, reserved 1196032K
  class space    used 19572K, capacity 21696K, committed 21760K, reserved 1048576K
}

